{"C:\\Users\\sarth\\TestRunner-Pro\\src\\api\\auth.js": {"path":"C:\\Users\\sarth\\TestRunner-Pro\\src\\api\\auth.js","statementMap":{"0":{"start":{"line":1,"column":16},"end":{"line":1,"column":34}},"1":{"start":{"line":2,"column":15},"end":{"line":2,"column":32}},"2":{"start":{"line":3,"column":12},"end":{"line":3,"column":35}},"3":{"start":{"line":4,"column":11},"end":{"line":4,"column":33}},"4":{"start":{"line":6,"column":15},"end":{"line":6,"column":31}},"5":{"start":{"line":9,"column":0},"end":{"line":78,"column":3}},"6":{"start":{"line":10,"column":2},"end":{"line":77,"column":3}},"7":{"start":{"line":11,"column":38},"end":{"line":11,"column":46}},"8":{"start":{"line":14,"column":4},"end":{"line":23,"column":5}},"9":{"start":{"line":15,"column":6},"end":{"line":22,"column":9}},"10":{"start":{"line":26,"column":23},"end":{"line":26,"column":51}},"11":{"start":{"line":27,"column":4},"end":{"line":31,"column":5}},"12":{"start":{"line":28,"column":6},"end":{"line":30,"column":9}},"13":{"start":{"line":34,"column":4},"end":{"line":38,"column":5}},"14":{"start":{"line":35,"column":6},"end":{"line":37,"column":9}},"15":{"start":{"line":41,"column":21},"end":{"line":41,"column":85}},"16":{"start":{"line":42,"column":4},"end":{"line":44,"column":5}},"17":{"start":{"line":43,"column":6},"end":{"line":43,"column":68}},"18":{"start":{"line":47,"column":25},"end":{"line":47,"column":56}},"19":{"start":{"line":48,"column":21},"end":{"line":48,"column":75}},"20":{"start":{"line":51,"column":19},"end":{"line":54,"column":5}},"21":{"start":{"line":56,"column":17},"end":{"line":56,"column":31}},"22":{"start":{"line":59,"column":18},"end":{"line":63,"column":5}},"23":{"start":{"line":65,"column":4},"end":{"line":73,"column":7}},"24":{"start":{"line":75,"column":4},"end":{"line":75,"column":48}},"25":{"start":{"line":76,"column":4},"end":{"line":76,"column":59}},"26":{"start":{"line":81,"column":0},"end":{"line":125,"column":3}},"27":{"start":{"line":82,"column":2},"end":{"line":124,"column":3}},"28":{"start":{"line":83,"column":32},"end":{"line":83,"column":40}},"29":{"start":{"line":85,"column":4},"end":{"line":87,"column":5}},"30":{"start":{"line":86,"column":6},"end":{"line":86,"column":76}},"31":{"start":{"line":90,"column":19},"end":{"line":90,"column":82}},"32":{"start":{"line":92,"column":4},"end":{"line":94,"column":5}},"33":{"start":{"line":93,"column":6},"end":{"line":93,"column":68}},"34":{"start":{"line":96,"column":17},"end":{"line":96,"column":31}},"35":{"start":{"line":99,"column":20},"end":{"line":99,"column":70}},"36":{"start":{"line":101,"column":4},"end":{"line":103,"column":5}},"37":{"start":{"line":102,"column":6},"end":{"line":102,"column":68}},"38":{"start":{"line":106,"column":18},"end":{"line":110,"column":5}},"39":{"start":{"line":112,"column":4},"end":{"line":120,"column":7}},"40":{"start":{"line":122,"column":4},"end":{"line":122,"column":41}},"41":{"start":{"line":123,"column":4},"end":{"line":123,"column":52}},"42":{"start":{"line":127,"column":0},"end":{"line":127,"column":24}}},"fnMap":{"0":{"name":"(anonymous_0)","decl":{"start":{"line":9,"column":25},"end":{"line":9,"column":26}},"loc":{"start":{"line":9,"column":45},"end":{"line":78,"column":1}},"line":9},"1":{"name":"(anonymous_1)","decl":{"start":{"line":81,"column":22},"end":{"line":81,"column":23}},"loc":{"start":{"line":81,"column":42},"end":{"line":125,"column":1}},"line":81}},"branchMap":{"0":{"loc":{"start":{"line":14,"column":4},"end":{"line":23,"column":5}},"type":"if","locations":[{"start":{"line":14,"column":4},"end":{"line":23,"column":5}},{"start":{},"end":{}}],"line":14},"1":{"loc":{"start":{"line":14,"column":8},"end":{"line":14,"column":36}},"type":"binary-expr","locations":[{"start":{"line":14,"column":8},"end":{"line":14,"column":14}},{"start":{"line":14,"column":18},"end":{"line":14,"column":27}},{"start":{"line":14,"column":31},"end":{"line":14,"column":36}}],"line":14},"2":{"loc":{"start":{"line":18,"column":14},"end":{"line":18,"column":78}},"type":"cond-expr","locations":[{"start":{"line":18,"column":23},"end":{"line":18,"column":73}},{"start":{"line":18,"column":76},"end":{"line":18,"column":78}}],"line":18},"3":{"loc":{"start":{"line":19,"column":14},"end":{"line":19,"column":87}},"type":"cond-expr","locations":[{"start":{"line":19,"column":26},"end":{"line":19,"column":82}},{"start":{"line":19,"column":85},"end":{"line":19,"column":87}}],"line":19},"4":{"loc":{"start":{"line":20,"column":14},"end":{"line":20,"column":75}},"type":"cond-expr","locations":[{"start":{"line":20,"column":22},"end":{"line":20,"column":70}},{"start":{"line":20,"column":73},"end":{"line":20,"column":75}}],"line":20},"5":{"loc":{"start":{"line":27,"column":4},"end":{"line":31,"column":5}},"type":"if","locations":[{"start":{"line":27,"column":4},"end":{"line":31,"column":5}},{"start":{},"end":{}}],"line":27},"6":{"loc":{"start":{"line":34,"column":4},"end":{"line":38,"column":5}},"type":"if","locations":[{"start":{"line":34,"column":4},"end":{"line":38,"column":5}},{"start":{},"end":{}}],"line":34},"7":{"loc":{"start":{"line":42,"column":4},"end":{"line":44,"column":5}},"type":"if","locations":[{"start":{"line":42,"column":4},"end":{"line":44,"column":5}},{"start":{},"end":{}}],"line":42},"8":{"loc":{"start":{"line":85,"column":4},"end":{"line":87,"column":5}},"type":"if","locations":[{"start":{"line":85,"column":4},"end":{"line":87,"column":5}},{"start":{},"end":{}}],"line":85},"9":{"loc":{"start":{"line":85,"column":8},"end":{"line":85,"column":27}},"type":"binary-expr","locations":[{"start":{"line":85,"column":8},"end":{"line":85,"column":14}},{"start":{"line":85,"column":18},"end":{"line":85,"column":27}}],"line":85},"10":{"loc":{"start":{"line":92,"column":4},"end":{"line":94,"column":5}},"type":"if","locations":[{"start":{"line":92,"column":4},"end":{"line":94,"column":5}},{"start":{},"end":{}}],"line":92},"11":{"loc":{"start":{"line":101,"column":4},"end":{"line":103,"column":5}},"type":"if","locations":[{"start":{"line":101,"column":4},"end":{"line":103,"column":5}},{"start":{},"end":{}}],"line":101}},"s":{"0":2,"1":2,"2":2,"3":2,"4":2,"5":2,"6":20,"7":20,"8":20,"9":4,"10":16,"11":16,"12":3,"13":13,"14":2,"15":11,"16":11,"17":1,"18":10,"19":10,"20":10,"21":10,"22":10,"23":10,"24":0,"25":0,"26":2,"27":14,"28":14,"29":14,"30":4,"31":10,"32":10,"33":2,"34":8,"35":8,"36":8,"37":3,"38":5,"39":5,"40":0,"41":0,"42":2},"f":{"0":20,"1":14},"b":{"0":[4,16],"1":[20,19,17],"2":[1,3],"3":[2,2],"4":[2,2],"5":[3,13],"6":[2,11],"7":[1,10],"8":[4,10],"9":[14,12],"10":[2,8],"11":[3,5]},"_coverageSchema":"1a1c01bbd47fc00a2c39e90264f33305004495a9","hash":"68d210320bbe44ad2da872a25d328c35bc15fe62"}
,"C:\\Users\\sarth\\TestRunner-Pro\\src\\api\\users.js": {"path":"C:\\Users\\sarth\\TestRunner-Pro\\src\\api\\users.js","statementMap":{"0":{"start":{"line":1,"column":16},"end":{"line":1,"column":34}},"1":{"start":{"line":2,"column":11},"end":{"line":2,"column":33}},"2":{"start":{"line":3,"column":30},"end":{"line":3,"column":59}},"3":{"start":{"line":5,"column":15},"end":{"line":5,"column":31}},"4":{"start":{"line":8,"column":0},"end":{"line":24,"column":3}},"5":{"start":{"line":9,"column":2},"end":{"line":23,"column":3}},"6":{"start":{"line":10,"column":19},"end":{"line":13,"column":5}},"7":{"start":{"line":15,"column":4},"end":{"line":17,"column":5}},"8":{"start":{"line":16,"column":6},"end":{"line":16,"column":63}},"9":{"start":{"line":19,"column":4},"end":{"line":19,"column":29}},"10":{"start":{"line":21,"column":4},"end":{"line":21,"column":49}},"11":{"start":{"line":22,"column":4},"end":{"line":22,"column":63}},"12":{"start":{"line":27,"column":0},"end":{"line":51,"column":3}},"13":{"start":{"line":28,"column":2},"end":{"line":50,"column":3}},"14":{"start":{"line":29,"column":36},"end":{"line":29,"column":44}},"15":{"start":{"line":31,"column":19},"end":{"line":40,"column":5}},"16":{"start":{"line":42,"column":4},"end":{"line":44,"column":5}},"17":{"start":{"line":43,"column":6},"end":{"line":43,"column":63}},"18":{"start":{"line":46,"column":4},"end":{"line":46,"column":29}},"19":{"start":{"line":48,"column":4},"end":{"line":48,"column":50}},"20":{"start":{"line":49,"column":4},"end":{"line":49,"column":64}},"21":{"start":{"line":53,"column":0},"end":{"line":53,"column":24}}},"fnMap":{"0":{"name":"(anonymous_0)","decl":{"start":{"line":8,"column":42},"end":{"line":8,"column":43}},"loc":{"start":{"line":8,"column":62},"end":{"line":24,"column":1}},"line":8},"1":{"name":"(anonymous_1)","decl":{"start":{"line":27,"column":42},"end":{"line":27,"column":43}},"loc":{"start":{"line":27,"column":62},"end":{"line":51,"column":1}},"line":27}},"branchMap":{"0":{"loc":{"start":{"line":15,"column":4},"end":{"line":17,"column":5}},"type":"if","locations":[{"start":{"line":15,"column":4},"end":{"line":17,"column":5}},{"start":{},"end":{}}],"line":15},"1":{"loc":{"start":{"line":42,"column":4},"end":{"line":44,"column":5}},"type":"if","locations":[{"start":{"line":42,"column":4},"end":{"line":44,"column":5}},{"start":{},"end":{}}],"line":42}},"s":{"0":2,"1":2,"2":2,"3":2,"4":2,"5":3,"6":3,"7":3,"8":0,"9":3,"10":0,"11":0,"12":2,"13":5,"14":5,"15":5,"16":5,"17":0,"18":5,"19":0,"20":0,"21":2},"f":{"0":3,"1":5},"b":{"0":[0,3],"1":[0,5]},"_coverageSchema":"1a1c01bbd47fc00a2c39e90264f33305004495a9","hash":"04626c3df0e991cdfd17f25e39fdc9f928e25984"}
,"C:\\Users\\sarth\\TestRunner-Pro\\src\\database\\index.js": {"path":"C:\\Users\\sarth\\TestRunner-Pro\\src\\database\\index.js","statementMap":{"0":{"start":{"line":1,"column":17},"end":{"line":1,"column":30}},"1":{"start":{"line":2,"column":0},"end":{"line":2,"column":27}},"2":{"start":{"line":4,"column":15},"end":{"line":4,"column":46}},"3":{"start":{"line":5,"column":25},"end":{"line":7,"column":28}},"4":{"start":{"line":9,"column":13},"end":{"line":14,"column":2}},"5":{"start":{"line":16,"column":0},"end":{"line":19,"column":3}},"6":{"start":{"line":17,"column":2},"end":{"line":17,"column":51}},"7":{"start":{"line":18,"column":2},"end":{"line":18,"column":19}},"8":{"start":{"line":21,"column":14},"end":{"line":21,"column":56}},"9":{"start":{"line":21,"column":32},"end":{"line":21,"column":56}},"10":{"start":{"line":22,"column":18},"end":{"line":22,"column":38}},"11":{"start":{"line":22,"column":24},"end":{"line":22,"column":38}},"12":{"start":{"line":24,"column":0},"end":{"line":28,"column":2}}},"fnMap":{"0":{"name":"(anonymous_0)","decl":{"start":{"line":16,"column":17},"end":{"line":16,"column":18}},"loc":{"start":{"line":16,"column":26},"end":{"line":19,"column":1}},"line":16},"1":{"name":"(anonymous_1)","decl":{"start":{"line":21,"column":14},"end":{"line":21,"column":15}},"loc":{"start":{"line":21,"column":32},"end":{"line":21,"column":56}},"line":21},"2":{"name":"(anonymous_2)","decl":{"start":{"line":22,"column":18},"end":{"line":22,"column":19}},"loc":{"start":{"line":22,"column":24},"end":{"line":22,"column":38}},"line":22}},"branchMap":{"0":{"loc":{"start":{"line":5,"column":25},"end":{"line":7,"column":28}},"type":"cond-expr","locations":[{"start":{"line":6,"column":4},"end":{"line":6,"column":33}},{"start":{"line":7,"column":4},"end":{"line":7,"column":28}}],"line":5}},"s":{"0":3,"1":3,"2":3,"3":3,"4":3,"5":3,"6":0,"7":0,"8":3,"9":137,"10":3,"11":2,"12":3},"f":{"0":0,"1":137,"2":2},"b":{"0":[3,0]},"_coverageSchema":"1a1c01bbd47fc00a2c39e90264f33305004495a9","hash":"84b1d0ad3c8cde72c294d171f74c102b8d77c20f"}
,"C:\\Users\\sarth\\TestRunner-Pro\\src\\middleware\\auth.js": {"path":"C:\\Users\\sarth\\TestRunner-Pro\\src\\middleware\\auth.js","statementMap":{"0":{"start":{"line":1,"column":12},"end":{"line":1,"column":35}},"1":{"start":{"line":4,"column":21},"end":{"line":4,"column":49}},"2":{"start":{"line":5,"column":16},"end":{"line":5,"column":54}},"3":{"start":{"line":7,"column":2},"end":{"line":9,"column":3}},"4":{"start":{"line":8,"column":4},"end":{"line":8,"column":68}},"5":{"start":{"line":11,"column":2},"end":{"line":17,"column":5}},"6":{"start":{"line":12,"column":4},"end":{"line":14,"column":5}},"7":{"start":{"line":13,"column":6},"end":{"line":13,"column":73}},"8":{"start":{"line":15,"column":4},"end":{"line":15,"column":20}},"9":{"start":{"line":16,"column":4},"end":{"line":16,"column":11}},"10":{"start":{"line":20,"column":0},"end":{"line":20,"column":39}}},"fnMap":{"0":{"name":"authenticateToken","decl":{"start":{"line":3,"column":9},"end":{"line":3,"column":26}},"loc":{"start":{"line":3,"column":43},"end":{"line":18,"column":1}},"line":3},"1":{"name":"(anonymous_1)","decl":{"start":{"line":11,"column":44},"end":{"line":11,"column":45}},"loc":{"start":{"line":11,"column":59},"end":{"line":17,"column":3}},"line":11}},"branchMap":{"0":{"loc":{"start":{"line":5,"column":16},"end":{"line":5,"column":54}},"type":"binary-expr","locations":[{"start":{"line":5,"column":16},"end":{"line":5,"column":26}},{"start":{"line":5,"column":30},"end":{"line":5,"column":54}}],"line":5},"1":{"loc":{"start":{"line":7,"column":2},"end":{"line":9,"column":3}},"type":"if","locations":[{"start":{"line":7,"column":2},"end":{"line":9,"column":3}},{"start":{},"end":{}}],"line":7},"2":{"loc":{"start":{"line":12,"column":4},"end":{"line":14,"column":5}},"type":"if","locations":[{"start":{"line":12,"column":4},"end":{"line":14,"column":5}},{"start":{},"end":{}}],"line":12}},"s":{"0":2,"1":12,"2":12,"3":12,"4":3,"5":9,"6":9,"7":1,"8":8,"9":8,"10":2},"f":{"0":12,"1":9},"b":{"0":[12,10],"1":[3,9],"2":[1,8]},"_coverageSchema":"1a1c01bbd47fc00a2c39e90264f33305004495a9","hash":"362724f7a8c24bf1f9ca7bd9bfada95bcadaf753"}
}
