TN:
SF:src\api\auth.js
FN:9,(anonymous_0)
FN:81,(anonymous_1)
FNF:2
FNH:2
FNDA:20,(anonymous_0)
FNDA:14,(anonymous_1)
DA:1,2
DA:2,2
DA:3,2
DA:4,2
DA:6,2
DA:9,2
DA:10,20
DA:11,20
DA:14,20
DA:15,4
DA:26,16
DA:27,16
DA:28,3
DA:34,13
DA:35,2
DA:41,11
DA:42,11
DA:43,1
DA:47,10
DA:48,10
DA:51,10
DA:56,10
DA:59,10
DA:65,10
DA:75,0
DA:76,0
DA:81,2
DA:82,14
DA:83,14
DA:85,14
DA:86,4
DA:90,10
DA:92,10
DA:93,2
DA:96,8
DA:99,8
DA:101,8
DA:102,3
DA:106,5
DA:112,5
DA:122,0
DA:123,0
DA:127,2
LF:43
LH:39
BRDA:14,0,0,4
BRDA:14,0,1,16
BRDA:14,1,0,20
BRDA:14,1,1,19
BRDA:14,1,2,17
BRDA:18,2,0,1
BRDA:18,2,1,3
BRDA:19,3,0,2
BRDA:19,3,1,2
BRDA:20,4,0,2
BRDA:20,4,1,2
BRDA:27,5,0,3
BRDA:27,5,1,13
BRDA:34,6,0,2
BRDA:34,6,1,11
BRDA:42,7,0,1
BRDA:42,7,1,10
BRDA:85,8,0,4
BRDA:85,8,1,10
BRDA:85,9,0,14
BRDA:85,9,1,12
BRDA:92,10,0,2
BRDA:92,10,1,8
BRDA:101,11,0,3
BRDA:101,11,1,5
BRF:25
BRH:25
end_of_record
TN:
SF:src\api\users.js
FN:8,(anonymous_0)
FN:27,(anonymous_1)
FNF:2
FNH:2
FNDA:3,(anonymous_0)
FNDA:5,(anonymous_1)
DA:1,2
DA:2,2
DA:3,2
DA:5,2
DA:8,2
DA:9,3
DA:10,3
DA:15,3
DA:16,0
DA:19,3
DA:21,0
DA:22,0
DA:27,2
DA:28,5
DA:29,5
DA:31,5
DA:42,5
DA:43,0
DA:46,5
DA:48,0
DA:49,0
DA:53,2
LF:22
LH:16
BRDA:15,0,0,0
BRDA:15,0,1,3
BRDA:42,1,0,0
BRDA:42,1,1,5
BRF:4
BRH:2
end_of_record
TN:
SF:src\database\index.js
FN:16,(anonymous_0)
FN:21,(anonymous_1)
FN:22,(anonymous_2)
FNF:3
FNH:2
FNDA:0,(anonymous_0)
FNDA:137,(anonymous_1)
FNDA:2,(anonymous_2)
DA:1,3
DA:2,3
DA:4,3
DA:5,3
DA:9,3
DA:16,3
DA:17,0
DA:18,0
DA:21,137
DA:22,3
DA:24,3
LF:11
LH:9
BRDA:5,0,0,3
BRDA:5,0,1,0
BRF:2
BRH:1
end_of_record
TN:
SF:src\middleware\auth.js
FN:3,authenticateToken
FN:11,(anonymous_1)
FNF:2
FNH:2
FNDA:12,authenticateToken
FNDA:9,(anonymous_1)
DA:1,2
DA:4,12
DA:5,12
DA:7,12
DA:8,3
DA:11,9
DA:12,9
DA:13,1
DA:15,8
DA:16,8
DA:20,2
LF:11
LH:11
BRDA:5,0,0,12
BRDA:5,0,1,10
BRDA:7,1,0,3
BRDA:7,1,1,9
BRDA:12,2,0,1
BRDA:12,2,1,8
BRF:6
BRH:6
end_of_record
